[1216/152045:ERROR:process_reader_win.cc(142)] SuspendThread: 拒绝访问。 (0x5)
[1216/152045:ERROR:process_reader_win.cc(142)] SuspendThread: 拒绝访问。 (0x5)
[1216/152045:ERROR:process_reader_win.cc(142)] SuspendThread: 拒绝访问。 (0x5)
[1216/152045:ERROR:process_reader_win.cc(142)] SuspendThread: 拒绝访问。 (0x5)
[1216/152045:ERROR:process_reader_win.cc(142)] SuspendThread: 拒绝访问。 (0x5)
[1216/152045:ERROR:process_info.cc(608)] range at 0xff9d5000, size 0x230 fully unreadable
[1216/152045:ERROR:process_info.cc(608)] range at 0xfed5e000, size 0x230 fully unreadable
[1216/152045:ERROR:process_info.cc(608)] range at 0xff9de000, size 0xf84 fully unreadable
[1216/152045:ERROR:process_info.cc(608)] range at 0xfed5d000, size 0xf84 fully unreadable
[1216/152045:ERROR:process_reader_win.cc(142)] SuspendThread: 拒绝访问。 (0x5)
[1216/152045:ERROR:process_reader_win.cc(142)] SuspendThread: 拒绝访问。 (0x5)
[1216/152045:ERROR:process_info.cc(608)] range at 0xff81b000, size 0x230 fully unreadable
[1216/152045:ERROR:process_info.cc(608)] range at 0xff81f000, size 0xf84 fully unreadable
[1216/152045:ERROR:process_reader_win.cc(142)] SuspendThread: 拒绝访问。 (0x5)
[1216/152045:ERROR:process_reader_win.cc(142)] SuspendThread: 拒绝访问。 (0x5)
[1216/152045:ERROR:process_info.cc(608)] range at 0xfeb93000, size 0x230 fully unreadable
[1216/152045:ERROR:process_info.cc(608)] range at 0xfeb9f000, size 0xf84 fully unreadable
[1216/152045:ERROR:process_reader_win.cc(142)] SuspendThread: 拒绝访问。 (0x5)
[1216/152045:ERROR:process_reader_win.cc(142)] SuspendThread: 拒绝访问。 (0x5)
[1216/152045:ERROR:process_info.cc(608)] range at 0xfe6a5000, size 0x230 fully unreadable
[1216/152045:ERROR:process_info.cc(608)] range at 0xfe6af000, size 0xf84 fully unreadable
[1216/152045:ERROR:process_reader_win.cc(142)] SuspendThread: 拒绝访问。 (0x5)
[1216/152045:ERROR:process_reader_win.cc(142)] SuspendThread: 拒绝访问。 (0x5)
[1216/152045:ERROR:process_info.cc(608)] range at 0xff29f000, size 0x230 fully unreadable
[1216/152045:ERROR:process_info.cc(608)] range at 0xff29e000, size 0xf84 fully unreadable
[1216/152045:ERROR:process_reader_win.cc(142)] SuspendThread: 拒绝访问。 (0x5)
[1216/152045:ERROR:process_reader_win.cc(142)] SuspendThread: 拒绝访问。 (0x5)
[1216/152045:ERROR:process_info.cc(608)] range at 0xff875000, size 0x230 fully unreadable
[1216/152045:ERROR:process_info.cc(608)] range at 0xff87f000, size 0xf84 fully unreadable
[1216/152045:ERROR:process_reader_win.cc(142)] SuspendThread: 拒绝访问。 (0x5)
[1216/152045:ERROR:process_reader_win.cc(142)] SuspendThread: 拒绝访问。 (0x5)
[1216/152045:ERROR:process_reader_win.cc(142)] SuspendThread: 拒绝访问。 (0x5)
[1216/152045:ERROR:process_info.cc(608)] range at 0xfe90f000, size 0x230 fully unreadable
[1216/152045:ERROR:process_reader_win.cc(142)] SuspendThread: 拒绝访问。 (0x5)
[1216/152045:ERROR:process_reader_win.cc(142)] SuspendThread: 拒绝访问。 (0x5)
[1216/152045:ERROR:process_info.cc(608)] range at 0xff02b000, size 0x230 fully unreadable
[1216/152045:ERROR:process_info.cc(608)] range at 0xfe90c000, size 0xf84 fully unreadable
[1216/152045:ERROR:process_info.cc(608)] range at 0xff02f000, size 0xf84 fully unreadable
[1216/152046:ERROR:process_reader_win.cc(142)] SuspendThread: 拒绝访问。 (0x5)
[1216/152046:ERROR:process_reader_win.cc(142)] SuspendThread: 拒绝访问。 (0x5)
[1216/152046:ERROR:process_info.cc(608)] range at 0xfe95f000, size 0x230 fully unreadable
[1216/152046:ERROR:process_info.cc(608)] range at 0xfe95e000, size 0xf84 fully unreadable
[1216/152046:ERROR:process_reader_win.cc(142)] SuspendThread: 拒绝访问。 (0x5)
[1216/152046:ERROR:process_reader_win.cc(142)] SuspendThread: 拒绝访问。 (0x5)
[1216/152046:ERROR:process_info.cc(608)] range at 0xfe43c000, size 0x230 fully unreadable
[1216/152046:ERROR:process_info.cc(608)] range at 0xfe43f000, size 0xf84 fully unreadable
[1216/152046:ERROR:process_reader_win.cc(233)] ReadMemory at 0xdee000 of 139264 bytes failed: 仅完成部分的 ReadProcessMemory 或 WriteProcessMemory 请求。 (0x12B)
[1216/152046:ERROR:crash_report_exception_handler.cc(98)] WriteEverything failed
[1216/152046:ERROR:scoped_process_suspend.cc(38)] NtResumeProcess: 已尝试访问正在退出的过程。  (0xc000010a)
[1216/161953:ERROR:process_reader_win.cc(142)] SuspendThread: 拒绝访问。 (0x5)
[1216/161953:ERROR:process_reader_win.cc(142)] SuspendThread: 拒绝访问。 (0x5)
[1216/161953:ERROR:process_reader_win.cc(142)] SuspendThread: 拒绝访问。 (0x5)
[1216/161953:ERROR:process_reader_win.cc(142)] SuspendThread: 拒绝访问。 (0x5)
[1216/161953:ERROR:process_info.cc(608)] range at 0xfee76000, size 0x230 fully unreadable
[1216/161953:ERROR:process_info.cc(608)] range at 0xfe9bf000, size 0x230 fully unreadable
[1216/161953:ERROR:process_info.cc(608)] range at 0xfee7f000, size 0xf84 fully unreadable
[1216/161953:ERROR:process_reader_win.cc(142)] SuspendThread: 拒绝访问。 (0x5)
[1216/161953:ERROR:process_reader_win.cc(142)] SuspendThread: 拒绝访问。 (0x5)
[1216/161953:ERROR:process_info.cc(608)] range at 0xff2cf000, size 0x230 fully unreadable
[1216/161953:ERROR:process_info.cc(608)] range at 0xff2ce000, size 0xf84 fully unreadable
[1216/161954:ERROR:process_reader_win.cc(142)] SuspendThread: 拒绝访问。 (0x5)
[1216/161954:ERROR:process_reader_win.cc(142)] SuspendThread: 拒绝访问。 (0x5)
[1216/161954:ERROR:process_info.cc(608)] range at 0xff607000, size 0x230 fully unreadable
[1216/161954:ERROR:process_info.cc(608)] range at 0xff60f000, size 0xf84 fully unreadable
[1216/161954:ERROR:process_reader_win.cc(142)] SuspendThread: 拒绝访问。 (0x5)
[1216/161954:ERROR:process_reader_win.cc(142)] SuspendThread: 拒绝访问。 (0x5)
[1216/161954:ERROR:process_info.cc(608)] range at 0xff21b000, size 0x230 fully unreadable
[1216/161954:ERROR:process_reader_win.cc(142)] SuspendThread: 拒绝访问。 (0x5)
[1216/161954:ERROR:process_reader_win.cc(142)] SuspendThread: 拒绝访问。 (0x5)
[1216/161954:ERROR:process_info.cc(608)] range at 0xfec8c000, size 0x230 fully unreadable
[1216/161954:ERROR:process_info.cc(608)] range at 0xff21f000, size 0xf84 fully unreadable
[1216/161954:ERROR:process_info.cc(608)] range at 0xfec8f000, size 0xf84 fully unreadable
[1216/161954:ERROR:process_reader_win.cc(142)] SuspendThread: 拒绝访问。 (0x5)
[1216/161954:ERROR:process_reader_win.cc(142)] SuspendThread: 拒绝访问。 (0x5)
[1216/161954:ERROR:process_info.cc(608)] range at 0xff0cf000, size 0x230 fully unreadable
[1216/161954:ERROR:process_info.cc(608)] range at 0xff0ce000, size 0xf84 fully unreadable
[1216/161954:ERROR:process_reader_win.cc(142)] SuspendThread: 拒绝访问。 (0x5)
[1216/161954:ERROR:process_reader_win.cc(142)] SuspendThread: 拒绝访问。 (0x5)
[1216/161954:ERROR:process_reader_win.cc(142)] SuspendThread: 拒绝访问。 (0x5)
[1216/161954:ERROR:process_info.cc(608)] range at 0xfecf4000, size 0x230 fully unreadable
[1216/161954:ERROR:process_info.cc(608)] range at 0xfecff000, size 0xf84 fully unreadable
[1216/161954:ERROR:scoped_process_suspend.cc(30)] NtSuspendProcess: 已尝试访问正在退出的过程。  (0xc000010a)
[1216/161954:ERROR:scoped_process_suspend.cc(30)] NtSuspendProcess: 已尝试访问正在退出的过程。  (0xc000010a)
[1216/161954:ERROR:scoped_process_suspend.cc(30)] NtSuspendProcess: 已尝试访问正在退出的过程。  (0xc000010a)
[1216/161954:ERROR:process_info.cc(103)] ReadProcessMemory bool __cdecl crashpad::`anonymous-namespace'::ReadStruct<struct crashpad::process_types::PEB<struct crashpad::process_types::internal::Traits32>>(void *,unsigned __int64,struct crashpad::process_types::PEB<struct crashpad::process_types::internal::Traits32> *): 仅完成部分的 ReadProcessMemory 或 WriteProcessMemory 请求。 (0x12B)
[1216/161954:ERROR:process_info.cc(542)] ReadProcessData failed
[1216/161954:ERROR:process_info.cc(103)] ReadProcessMemory bool __cdecl crashpad::`anonymous-namespace'::ReadStruct<struct crashpad::process_types::PEB<struct crashpad::process_types::internal::Traits32>>(void *,unsigned __int64,struct crashpad::process_types::PEB<struct crashpad::process_types::internal::Traits32> *): 仅完成部分的 ReadProcessMemory 或 WriteProcessMemory 请求。 (0x12B)
[1216/161954:ERROR:process_info.cc(542)] ReadProcessData failed
[1216/161954:ERROR:process_info.cc(103)] ReadProcessMemory bool __cdecl crashpad::`anonymous-namespace'::ReadStruct<struct crashpad::process_types::PEB<struct crashpad::process_types::internal::Traits32>>(void *,unsigned __int64,struct crashpad::process_types::PEB<struct crashpad::process_types::internal::Traits32> *): 仅完成部分的 ReadProcessMemory 或 WriteProcessMemory 请求。 (0x12B)
[1216/161954:ERROR:process_reader_win.cc(233)] ReadMemory at 0x71a795ec of 12 bytes failed: 仅完成部分的 ReadProcessMemory 或 WriteProcessMemory 请求。 (0x12B)
[1216/161954:ERROR:process_reader_win.cc(233)] ReadMemory at 0x71a795ec of 12 bytes failed: 仅完成部分的 ReadProcessMemory 或 WriteProcessMemory 请求。 (0x12B)
[1216/161954:ERROR:process_info.cc(542)] ReadProcessData failed
[1216/161954:WARNING:process_snapshot_win.cc(68)] ReadMemory ExceptionInformation failed
[1216/161954:WARNING:process_snapshot_win.cc(68)] ReadMemory ExceptionInformation failed
[1216/161954:WARNING:crash_report_exception_handler.cc(56)] ProcessSnapshotWin::Initialize failed
[1216/161954:ERROR:process_reader_win.cc(233)] ReadMemory at 0x71a795ec of 12 bytes failed: 仅完成部分的 ReadProcessMemory 或 WriteProcessMemory 请求。 (0x12B)
[1216/161954:WARNING:crash_report_exception_handler.cc(56)] ProcessSnapshotWin::Initialize failed
[1216/161954:WARNING:process_snapshot_win.cc(68)] ReadMemory ExceptionInformation failed
[1216/161954:WARNING:crash_report_exception_handler.cc(56)] ProcessSnapshotWin::Initialize failed
[1216/161954:ERROR:scoped_process_suspend.cc(30)] NtSuspendProcess: 已尝试访问正在退出的过程。  (0xc000010a)
[1216/161954:ERROR:process_info.cc(103)] ReadProcessMemory bool __cdecl crashpad::`anonymous-namespace'::ReadStruct<struct crashpad::process_types::PEB<struct crashpad::process_types::internal::Traits32>>(void *,unsigned __int64,struct crashpad::process_types::PEB<struct crashpad::process_types::internal::Traits32> *): 仅完成部分的 ReadProcessMemory 或 WriteProcessMemory 请求。 (0x12B)
[1216/161954:ERROR:process_info.cc(542)] ReadProcessData failed
[1216/161954:ERROR:process_reader_win.cc(233)] ReadMemory at 0x71a795ec of 12 bytes failed: 仅完成部分的 ReadProcessMemory 或 WriteProcessMemory 请求。 (0x12B)
[1216/161954:WARNING:process_snapshot_win.cc(68)] ReadMemory ExceptionInformation failed
[1216/161954:WARNING:crash_report_exception_handler.cc(56)] ProcessSnapshotWin::Initialize failed
[1216/161954:ERROR:scoped_process_suspend.cc(30)] NtSuspendProcess: 已尝试访问正在退出的过程。  (0xc000010a)
[1216/161954:ERROR:process_info.cc(103)] ReadProcessMemory bool __cdecl crashpad::`anonymous-namespace'::ReadStruct<struct crashpad::process_types::PEB<struct crashpad::process_types::internal::Traits32>>(void *,unsigned __int64,struct crashpad::process_types::PEB<struct crashpad::process_types::internal::Traits32> *): 仅完成部分的 ReadProcessMemory 或 WriteProcessMemory 请求。 (0x12B)
[1216/161954:ERROR:process_info.cc(542)] ReadProcessData failed
[1216/161954:ERROR:process_reader_win.cc(233)] ReadMemory at 0x71a795ec of 12 bytes failed: 仅完成部分的 ReadProcessMemory 或 WriteProcessMemory 请求。 (0x12B)
[1216/161954:WARNING:process_snapshot_win.cc(68)] ReadMemory ExceptionInformation failed
[1216/161954:WARNING:crash_report_exception_handler.cc(56)] ProcessSnapshotWin::Initialize failed
[1216/161954:ERROR:scoped_process_suspend.cc(30)] NtSuspendProcess: 已尝试访问正在退出的过程。  (0xc000010a)
[1216/161954:ERROR:process_info.cc(103)] ReadProcessMemory bool __cdecl crashpad::`anonymous-namespace'::ReadStruct<struct crashpad::process_types::PEB<struct crashpad::process_types::internal::Traits32>>(void *,unsigned __int64,struct crashpad::process_types::PEB<struct crashpad::process_types::internal::Traits32> *): 仅完成部分的 ReadProcessMemory 或 WriteProcessMemory 请求。 (0x12B)
[1216/161954:ERROR:process_info.cc(542)] ReadProcessData failed
[1216/161954:ERROR:process_reader_win.cc(233)] ReadMemory at 0x71a795ec of 12 bytes failed: 仅完成部分的 ReadProcessMemory 或 WriteProcessMemory 请求。 (0x12B)
[1216/161954:WARNING:process_snapshot_win.cc(68)] ReadMemory ExceptionInformation failed
[1216/161954:ERROR:scoped_process_suspend.cc(30)] NtSuspendProcess: 已尝试访问正在退出的过程。  (0xc000010a)
[1216/161954:ERROR:process_info.cc(103)] ReadProcessMemory bool __cdecl crashpad::`anonymous-namespace'::ReadStruct<struct crashpad::process_types::PEB<struct crashpad::process_types::internal::Traits32>>(void *,unsigned __int64,struct crashpad::process_types::PEB<struct crashpad::process_types::internal::Traits32> *): 仅完成部分的 ReadProcessMemory 或 WriteProcessMemory 请求。 (0x12B)
[1216/161954:ERROR:process_info.cc(542)] ReadProcessData failed
[1216/161954:ERROR:process_reader_win.cc(233)] ReadMemory at 0x71a795ec of 12 bytes failed: 仅完成部分的 ReadProcessMemory 或 WriteProcessMemory 请求。 (0x12B)
[1216/161954:WARNING:process_snapshot_win.cc(68)] ReadMemory ExceptionInformation failed
[1216/161954:WARNING:crash_report_exception_handler.cc(56)] ProcessSnapshotWin::Initialize failed
[1216/161954:WARNING:crash_report_exception_handler.cc(56)] ProcessSnapshotWin::Initialize failed
[1216/161954:ERROR:scoped_process_suspend.cc(30)] NtSuspendProcess: 已尝试访问正在退出的过程。  (0xc000010a)
[1216/161954:ERROR:process_info.cc(103)] ReadProcessMemory bool __cdecl crashpad::`anonymous-namespace'::ReadStruct<struct crashpad::process_types::PEB<struct crashpad::process_types::internal::Traits32>>(void *,unsigned __int64,struct crashpad::process_types::PEB<struct crashpad::process_types::internal::Traits32> *): 仅完成部分的 ReadProcessMemory 或 WriteProcessMemory 请求。 (0x12B)
[1216/161954:ERROR:process_info.cc(542)] ReadProcessData failed
[1216/161954:ERROR:process_reader_win.cc(233)] ReadMemory at 0x71a795ec of 12 bytes failed: 仅完成部分的 ReadProcessMemory 或 WriteProcessMemory 请求。 (0x12B)
[1216/161954:WARNING:process_snapshot_win.cc(68)] ReadMemory ExceptionInformation failed
[1216/161954:WARNING:crash_report_exception_handler.cc(56)] ProcessSnapshotWin::Initialize failed
[1216/161954:ERROR:scoped_process_suspend.cc(30)] NtSuspendProcess: 已尝试访问正在退出的过程。  (0xc000010a)
[1216/161954:ERROR:process_info.cc(103)] ReadProcessMemory bool __cdecl crashpad::`anonymous-namespace'::ReadStruct<struct crashpad::process_types::PEB<struct crashpad::process_types::internal::Traits32>>(void *,unsigned __int64,struct crashpad::process_types::PEB<struct crashpad::process_types::internal::Traits32> *): 仅完成部分的 ReadProcessMemory 或 WriteProcessMemory 请求。 (0x12B)
[1216/161954:ERROR:process_info.cc(542)] ReadProcessData failed
[1216/161954:ERROR:process_reader_win.cc(233)] ReadMemory at 0x71a795ec of 12 bytes failed: 仅完成部分的 ReadProcessMemory 或 WriteProcessMemory 请求。 (0x12B)
[1216/161954:WARNING:process_snapshot_win.cc(68)] ReadMemory ExceptionInformation failed
[1216/161954:WARNING:crash_report_exception_handler.cc(56)] ProcessSnapshotWin::Initialize failed
[1216/161958:ERROR:scoped_process_suspend.cc(38)] NtResumeProcess: 已尝试访问正在退出的过程。  (0xc000010a)
[1216/161958:ERROR:process_reader_win.cc(233)] ReadMemory at 0x855000 of 45056 bytes failed: 仅完成部分的 ReadProcessMemory 或 WriteProcessMemory 请求。 (0x12B)
[1216/161958:ERROR:crash_report_exception_handler.cc(98)] WriteEverything failed
[1216/161958:ERROR:scoped_process_suspend.cc(38)] NtResumeProcess: 已尝试访问正在退出的过程。  (0xc000010a)
[1216/161958:ERROR:scoped_process_suspend.cc(38)] NtResumeProcess: 已尝试访问正在退出的过程。  (0xc000010a)
[1216/161958:ERROR:process_reader_win.cc(233)] ReadMemory at 0xb76000 of 40960 bytes failed: 仅完成部分的 ReadProcessMemory 或 WriteProcessMemory 请求。 (0x12B)
[1216/161958:ERROR:crash_report_exception_handler.cc(98)] WriteEverything failed
[1216/161958:ERROR:scoped_process_suspend.cc(38)] NtResumeProcess: 已尝试访问正在退出的过程。  (0xc000010a)
