[1214/183146:ERROR:process_reader_win.cc(142)] SuspendThread: 拒绝访问。 (0x5)
[1214/183146:ERROR:process_reader_win.cc(142)] SuspendThread: 拒绝访问。 (0x5)
[1214/183146:ERROR:process_reader_win.cc(142)] SuspendThread: 拒绝访问。 (0x5)
[1214/183146:ERROR:process_info.cc(608)] range at 0xff7e6000, size 0x230 fully unreadable
[1214/183146:ERROR:process_info.cc(608)] range at 0xff7ee000, size 0xf84 fully unreadable
[1214/183146:ERROR:process_info.cc(608)] range at 0xfebd4000, size 0x230 fully unreadable
[1214/183146:ERROR:process_info.cc(608)] range at 0xfebdf000, size 0xf84 fully unreadable
[1214/183146:ERROR:process_reader_win.cc(142)] SuspendThread: 拒绝访问。 (0x5)
[1214/183146:ERROR:exception_snapshot_win.cc(87)] thread ID 5724 not found in process
[1214/183146:WARNING:crash_report_exception_handler.cc(56)] ProcessSnapshotWin::Initialize failed
[1214/183146:ERROR:process_reader_win.cc(233)] ReadMemory at 0x1320000 of 64 bytes failed: 仅完成部分的 ReadProcessMemory 或 WriteProcessMemory 请求。 (0x12B)
[1214/183146:WARNING:pe_image_reader.cc(281)] could not read dos header from C:\Program Files (x86)\Google\Chrome\Application\chrome.exe
[1214/183146:ERROR:process_reader_win.cc(233)] ReadMemory at 0x778f0000 of 64 bytes failed: 仅完成部分的 ReadProcessMemory 或 WriteProcessMemory 请求。 (0x12B)
[1214/183146:WARNING:pe_image_reader.cc(281)] could not read dos header from C:\Windows\SYSTEM32\ntdll.dll
[1214/183146:ERROR:process_reader_win.cc(233)] ReadMemory at 0x755b0000 of 64 bytes failed: 仅完成部分的 ReadProcessMemory 或 WriteProcessMemory 请求。 (0x12B)
[1214/183146:WARNING:pe_image_reader.cc(281)] could not read dos header from C:\Windows\SYSTEM32\KERNELBASE.dll
[1214/183146:ERROR:process_reader_win.cc(233)] ReadMemory at 0x756a0000 of 64 bytes failed: 仅完成部分的 ReadProcessMemory 或 WriteProcessMemory 请求。 (0x12B)
[1214/183146:WARNING:pe_image_reader.cc(281)] could not read dos header from C:\Windows\SYSTEM32\KERNEL32.DLL
[1214/183146:ERROR:process_reader_win.cc(233)] ReadMemory at 0x776d0000 of 64 bytes failed: 仅完成部分的 ReadProcessMemory 或 WriteProcessMemory 请求。 (0x12B)
[1214/183146:WARNING:pe_image_reader.cc(281)] could not read dos header from C:\Windows\SYSTEM32\msvcrt.dll
[1214/183146:ERROR:process_reader_win.cc(233)] ReadMemory at 0x75070000 of 64 bytes failed: 仅完成部分的 ReadProcessMemory 或 WriteProcessMemory 请求。 (0x12B)
[1214/183146:WARNING:pe_image_reader.cc(281)] could not read dos header from C:\Windows\SYSTEM32\bcryptPrimitives.dll
[1214/183146:ERROR:process_reader_win.cc(233)] ReadMemory at 0x750d0000 of 64 bytes failed: 仅完成部分的 ReadProcessMemory 或 WriteProcessMemory 请求。 (0x12B)
[1214/183146:WARNING:pe_image_reader.cc(281)] could not read dos header from C:\Windows\SYSTEM32\CRYPTBASE.DLL
[1214/183146:ERROR:process_reader_win.cc(233)] ReadMemory at 0x752b0000 of 64 bytes failed: 仅完成部分的 ReadProcessMemory 或 WriteProcessMemory 请求。 (0x12B)
[1214/183146:WARNING:pe_image_reader.cc(281)] could not read dos header from C:\Windows\SYSTEM32\SspiCli.dll
[1214/183146:ERROR:process_reader_win.cc(233)] ReadMemory at 0x76300000 of 64 bytes failed: 仅完成部分的 ReadProcessMemory 或 WriteProcessMemory 请求。 (0x12B)
[1214/183146:WARNING:pe_image_reader.cc(281)] could not read dos header from C:\Windows\SYSTEM32\RPCRT4.dll
[1214/183146:ERROR:process_reader_win.cc(233)] ReadMemory at 0x77680000 of 64 bytes failed: 仅完成部分的 ReadProcessMemory 或 WriteProcessMemory 请求。 (0x12B)
[1214/183146:WARNING:pe_image_reader.cc(281)] could not read dos header from C:\Windows\SYSTEM32\sechost.dll
[1214/183146:ERROR:process_reader_win.cc(233)] ReadMemory at 0x75230000 of 64 bytes failed: 仅完成部分的 ReadProcessMemory 或 WriteProcessMemory 请求。 (0x12B)
[1214/183146:WARNING:pe_image_reader.cc(281)] could not read dos header from C:\Windows\SYSTEM32\ADVAPI32.dll
[1214/183146:ERROR:process_reader_win.cc(233)] ReadMemory at 0x75060000 of 64 bytes failed: 仅完成部分的 ReadProcessMemory 或 WriteProcessMemory 请求。 (0x12B)
[1214/183146:WARNING:pe_image_reader.cc(281)] could not read dos header from C:\Windows\SYSTEM32\VERSION.dll
[1214/183146:ERROR:process_reader_win.cc(233)] ReadMemory at 0x653e0000 of 64 bytes failed: 仅完成部分的 ReadProcessMemory 或 WriteProcessMemory 请求。 (0x12B)
[1214/183146:WARNING:pe_image_reader.cc(281)] could not read dos header from C:\Program Files (x86)\Google\Chrome\Application\54.0.2840.71\chrome_elf.dll
[1214/183146:ERROR:process_reader_win.cc(233)] ReadMemory at 0x75af0000 of 64 bytes failed: 仅完成部分的 ReadProcessMemory 或 WriteProcessMemory 请求。 (0x12B)
[1214/183146:WARNING:pe_image_reader.cc(281)] could not read dos header from C:\Windows\SYSTEM32\combase.dll
[1214/183146:ERROR:process_reader_win.cc(233)] ReadMemory at 0x75480000 of 64 bytes failed: 仅完成部分的 ReadProcessMemory 或 WriteProcessMemory 请求。 (0x12B)
[1214/183146:WARNING:pe_image_reader.cc(281)] could not read dos header from C:\Windows\SYSTEM32\GDI32.dll
[1214/183146:ERROR:process_reader_win.cc(233)] ReadMemory at 0x75fe0000 of 64 bytes failed: 仅完成部分的 ReadProcessMemory 或 WriteProcessMemory 请求。 (0x12B)
[1214/183146:WARNING:pe_image_reader.cc(281)] could not read dos header from C:\Windows\SYSTEM32\USER32.dll
[1214/183146:ERROR:process_reader_win.cc(233)] ReadMemory at 0x75910000 of 64 bytes failed: 仅完成部分的 ReadProcessMemory 或 WriteProcessMemory 请求。 (0x12B)
[1214/183146:WARNING:pe_image_reader.cc(281)] could not read dos header from C:\Windows\SYSTEM32\MSCTF.dll
[1214/183146:ERROR:process_reader_win.cc(233)] ReadMemory at 0x777f0000 of 64 bytes failed: 仅完成部分的 ReadProcessMemory 或 WriteProcessMemory 请求。 (0x12B)
[1214/183146:WARNING:pe_image_reader.cc(281)] could not read dos header from C:\Windows\system32\IMM32.DLL
[1214/183146:ERROR:process_reader_win.cc(233)] ReadMemory at 0x777a0000 of 64 bytes failed: 仅完成部分的 ReadProcessMemory 或 WriteProcessMemory 请求。 (0x12B)
[1214/183146:WARNING:pe_image_reader.cc(281)] could not read dos header from C:\Windows\SYSTEM32\SHLWAPI.dll
[1214/183146:ERROR:process_reader_win.cc(233)] ReadMemory at 0x763c0000 of 64 bytes failed: 仅完成部分的 ReadProcessMemory 或 WriteProcessMemory 请求。 (0x12B)
[1214/183146:WARNING:pe_image_reader.cc(281)] could not read dos header from C:\Windows\SYSTEM32\SHELL32.dll
[1214/183146:ERROR:process_reader_win.cc(233)] ReadMemory at 0x75d90000 of 64 bytes failed: 仅完成部分的 ReadProcessMemory 或 WriteProcessMemory 请求。 (0x12B)
[1214/183146:WARNING:pe_image_reader.cc(281)] could not read dos header from C:\Windows\SYSTEM32\cfgmgr32.dll
[1214/183146:ERROR:process_reader_win.cc(233)] ReadMemory at 0x74ad0000 of 64 bytes failed: 仅完成部分的 ReadProcessMemory 或 WriteProcessMemory 请求。 (0x12B)
[1214/183146:WARNING:pe_image_reader.cc(281)] could not read dos header from C:\Windows\SYSTEM32\DEVOBJ.dll
[1214/183146:ERROR:process_reader_win.cc(233)] ReadMemory at 0x74b00000 of 64 bytes failed: 仅完成部分的 ReadProcessMemory 或 WriteProcessMemory 请求。 (0x12B)
[1214/183146:WARNING:pe_image_reader.cc(281)] could not read dos header from C:\Windows\SYSTEM32\WINMMBASE.dll
[1214/183146:ERROR:process_reader_win.cc(233)] ReadMemory at 0x74b30000 of 64 bytes failed: 仅完成部分的 ReadProcessMemory 或 WriteProcessMemory 请求。 (0x12B)
[1214/183146:WARNING:pe_image_reader.cc(281)] could not read dos header from C:\Windows\SYSTEM32\WINMM.dll
[1214/183146:ERROR:process_reader_win.cc(233)] ReadMemory at 0x75050000 of 64 bytes failed: 仅完成部分的 ReadProcessMemory 或 WriteProcessMemory 请求。 (0x12B)
[1214/183146:WARNING:pe_image_reader.cc(281)] could not read dos header from C:\Windows\SYSTEM32\WTSAPI32.dll
[1214/183146:ERROR:process_reader_win.cc(233)] ReadMemory at 0x72520000 of 64 bytes failed: 仅完成部分的 ReadProcessMemory 或 WriteProcessMemory 请求。 (0x12B)
[1214/183146:WARNING:pe_image_reader.cc(281)] could not read dos header from C:\Windows\SYSTEM32\WINHTTP.dll
[1214/183146:ERROR:process_reader_win.cc(233)] ReadMemory at 0x757e0000 of 64 bytes failed: 仅完成部分的 ReadProcessMemory 或 WriteProcessMemory 请求。 (0x12B)
[1214/183146:WARNING:pe_image_reader.cc(281)] could not read dos header from C:\Windows\SYSTEM32\ole32.dll
[1214/183146:ERROR:process_reader_win.cc(233)] ReadMemory at 0x75140000 of 64 bytes failed: 仅完成部分的 ReadProcessMemory 或 WriteProcessMemory 请求。 (0x12B)
[1214/183146:WARNING:pe_image_reader.cc(281)] could not read dos header from C:\Windows\SYSTEM32\OLEAUT32.dll
[1214/183146:ERROR:process_reader_win.cc(233)] ReadMemory at 0x750e0000 of 64 bytes failed: 仅完成部分的 ReadProcessMemory 或 WriteProcessMemory 请求。 (0x12B)
[1214/183146:WARNING:pe_image_reader.cc(281)] could not read dos header from C:\Windows\SYSTEM32\PSAPI.DLL
[1214/183146:ERROR:process_reader_win.cc(233)] ReadMemory at 0x75220000 of 64 bytes failed: 仅完成部分的 ReadProcessMemory 或 WriteProcessMemory 请求。 (0x12B)
[1214/183146:WARNING:pe_image_reader.cc(281)] could not read dos header from C:\Windows\SYSTEM32\NSI.dll
[1214/183146:ERROR:process_reader_win.cc(233)] ReadMemory at 0x750f0000 of 64 bytes failed: 仅完成部分的 ReadProcessMemory 或 WriteProcessMemory 请求。 (0x12B)
[1214/183146:WARNING:pe_image_reader.cc(281)] could not read dos header from C:\Windows\SYSTEM32\WS2_32.dll
[1214/183146:ERROR:process_reader_win.cc(233)] ReadMemory at 0x74ee0000 of 64 bytes failed: 仅完成部分的 ReadProcessMemory 或 WriteProcessMemory 请求。 (0x12B)
[1214/183146:WARNING:pe_image_reader.cc(281)] could not read dos header from C:\Windows\SYSTEM32\netutils.dll
[1214/183146:ERROR:process_reader_win.cc(233)] ReadMemory at 0x74ec0000 of 64 bytes failed: 仅完成部分的 ReadProcessMemory 或 WriteProcessMemory 请求。 (0x12B)
[1214/183146:WARNING:pe_image_reader.cc(281)] could not read dos header from C:\Windows\SYSTEM32\srvcli.dll
[1214/183146:ERROR:process_reader_win.cc(233)] ReadMemory at 0x74ea0000 of 64 bytes failed: 仅完成部分的 ReadProcessMemory 或 WriteProcessMemory 请求。 (0x12B)
[1214/183146:WARNING:pe_image_reader.cc(281)] could not read dos header from C:\Windows\SYSTEM32\wkscli.dll
[1214/183146:ERROR:process_reader_win.cc(233)] ReadMemory at 0x74f10000 of 64 bytes failed: 仅完成部分的 ReadProcessMemory 或 WriteProcessMemory 请求。 (0x12B)
[1214/183146:WARNING:pe_image_reader.cc(281)] could not read dos header from C:\Windows\SYSTEM32\NETAPI32.dll
[1214/183146:ERROR:process_reader_win.cc(233)] ReadMemory at 0x71a60000 of 64 bytes failed: 仅完成部分的 ReadProcessMemory 或 WriteProcessMemory 请求。 (0x12B)
[1214/183146:WARNING:pe_image_reader.cc(281)] could not read dos header from C:\Program Files (x86)\360\360Safe\safemon\safemon.dll
[1214/183146:ERROR:process_reader_win.cc(233)] ReadMemory at 0x74e00000 of 64 bytes failed: 仅完成部分的 ReadProcessMemory 或 WriteProcessMemory 请求。 (0x12B)
[1214/183146:WARNING:pe_image_reader.cc(281)] could not read dos header from C:\Windows\SYSTEM32\shcore.dll
[1214/183146:ERROR:process_reader_win.cc(233)] ReadMemory at 0x6d630000 of 64 bytes failed: 仅完成部分的 ReadProcessMemory 或 WriteProcessMemory 请求。 (0x12B)
[1214/183146:WARNING:pe_image_reader.cc(281)] could not read dos header from C:\Program Files (x86)\360\360Safe\safemon\iNetSafe.dll
[1214/183146:ERROR:process_reader_win.cc(233)] ReadMemory at 0x75020000 of 64 bytes failed: 仅完成部分的 ReadProcessMemory 或 WriteProcessMemory 请求。 (0x12B)
[1214/183146:WARNING:pe_image_reader.cc(281)] could not read dos header from C:\Windows\SYSTEM32\profapi.dll
[1214/183146:ERROR:process_reader_win.cc(233)] ReadMemory at 0x75030000 of 64 bytes failed: 仅完成部分的 ReadProcessMemory 或 WriteProcessMemory 请求。 (0x12B)
[1214/183146:WARNING:pe_image_reader.cc(281)] could not read dos header from C:\Windows\SYSTEM32\USERENV.dll
[1214/183146:ERROR:process_reader_win.cc(233)] ReadMemory at 0x739c0000 of 64 bytes failed: 仅完成部分的 ReadProcessMemory 或 WriteProcessMemory 请求。 (0x12B)
[1214/183146:WARNING:pe_image_reader.cc(281)] could not read dos header from C:\Windows\SYSTEM32\dbghelp.dll
[1214/183146:ERROR:process_reader_win.cc(233)] ReadMemory at 0x71c80000 of 64 bytes failed: 仅完成部分的 ReadProcessMemory 或 WriteProcessMemory 请求。 (0x12B)
[1214/183146:WARNING:pe_image_reader.cc(281)] could not read dos header from C:\Windows\WinSxS\x86_microsoft.windows.common-controls_6595b64144ccf1df_6.0.9600.18006_none_a9ec6aab013aafee\COMCTL32.dll
[1214/183146:ERROR:process_reader_win.cc(233)] ReadMemory at 0x75dd0000 of 64 bytes failed: 仅完成部分的 ReadProcessMemory 或 WriteProcessMemory 请求。 (0x12B)
[1214/183146:WARNING:pe_image_reader.cc(281)] could not read dos header from C:\Windows\SYSTEM32\COMDLG32.dll
[1214/183146:ERROR:process_reader_win.cc(233)] ReadMemory at 0x74bb0000 of 64 bytes failed: 仅完成部分的 ReadProcessMemory 或 WriteProcessMemory 请求。 (0x12B)
[1214/183146:WARNING:pe_image_reader.cc(281)] could not read dos header from C:\Windows\SYSTEM32\USP10.dll
[1214/183146:ERROR:process_reader_win.cc(233)] ReadMemory at 0x71e90000 of 64 bytes failed: 仅完成部分的 ReadProcessMemory 或 WriteProcessMemory 请求。 (0x12B)
[1214/183146:WARNING:pe_image_reader.cc(281)] could not read dos header from C:\Windows\SYSTEM32\WINSPOOL.DRV
[1214/183146:ERROR:process_reader_win.cc(233)] ReadMemory at 0x74e90000 of 64 bytes failed: 仅完成部分的 ReadProcessMemory 或 WriteProcessMemory 请求。 (0x12B)
[1214/183146:WARNING:pe_image_reader.cc(281)] could not read dos header from C:\Windows\SYSTEM32\WINNSI.DLL
[1214/183146:ERROR:process_reader_win.cc(233)] ReadMemory at 0x74ef0000 of 64 bytes failed: 仅完成部分的 ReadProcessMemory 或 WriteProcessMemory 请求。 (0x12B)
[1214/183146:WARNING:pe_image_reader.cc(281)] could not read dos header from C:\Windows\SYSTEM32\IPHLPAPI.DLL
[1214/183146:ERROR:process_reader_win.cc(233)] ReadMemory at 0x74a80000 of 64 bytes failed: 仅完成部分的 ReadProcessMemory 或 WriteProcessMemory 请求。 (0x12B)
[1214/183146:WARNING:pe_image_reader.cc(281)] could not read dos header from C:\Windows\SYSTEM32\Secur32.dll
[1214/183146:ERROR:process_reader_win.cc(233)] ReadMemory at 0x64e60000 of 64 bytes failed: 仅完成部分的 ReadProcessMemory 或 WriteProcessMemory 请求。 (0x12B)
[1214/183146:WARNING:pe_image_reader.cc(281)] could not read dos header from C:\Windows\SYSTEM32\DWrite.dll
[1214/183146:ERROR:process_reader_win.cc(233)] ReadMemory at 0x75690000 of 64 bytes failed: 仅完成部分的 ReadProcessMemory 或 WriteProcessMemory 请求。 (0x12B)
[1214/183146:WARNING:pe_image_reader.cc(281)] could not read dos header from C:\Windows\SYSTEM32\MSASN1.dll
[1214/183146:ERROR:process_reader_win.cc(233)] ReadMemory at 0x752f0000 of 64 bytes failed: 仅完成部分的 ReadProcessMemory 或 WriteProcessMemory 请求。 (0x12B)
[1214/183146:WARNING:pe_image_reader.cc(281)] could not read dos header from C:\Windows\SYSTEM32\CRYPT32.dll
[1214/183146:ERROR:process_reader_win.cc(233)] ReadMemory at 0x751e0000 of 64 bytes failed: 仅完成部分的 ReadProcessMemory 或 WriteProcessMemory 请求。 (0x12B)
[1214/183146:WARNING:pe_image_reader.cc(281)] could not read dos header from C:\Windows\SYSTEM32\WINTRUST.dll
[1214/183146:ERROR:process_reader_win.cc(233)] ReadMemory at 0x53540000 of 64 bytes failed: 仅完成部分的 ReadProcessMemory 或 WriteProcessMemory 请求。 (0x12B)
[1214/183146:WARNING:pe_image_reader.cc(281)] could not read dos header from C:\Program Files (x86)\Google\Chrome\Application\54.0.2840.71\chrome_child.dll
[1214/183146:ERROR:process_reader_win.cc(233)] ReadMemory at 0x1320000 of 64 bytes failed: 仅完成部分的 ReadProcessMemory 或 WriteProcessMemory 请求。 (0x12B)
[1214/183146:WARNING:pe_image_reader.cc(281)] could not read dos header from C:\Program Files (x86)\Google\Chrome\Application\chrome.exe
[1214/183146:ERROR:process_reader_win.cc(233)] ReadMemory at 0x778f0000 of 64 bytes failed: 仅完成部分的 ReadProcessMemory 或 WriteProcessMemory 请求。 (0x12B)
[1214/183146:WARNING:pe_image_reader.cc(281)] could not read dos header from C:\Windows\SYSTEM32\ntdll.dll
[1214/183146:ERROR:process_reader_win.cc(233)] ReadMemory at 0x755b0000 of 64 bytes failed: 仅完成部分的 ReadProcessMemory 或 WriteProcessMemory 请求。 (0x12B)
[1214/183146:WARNING:pe_image_reader.cc(281)] could not read dos header from C:\Windows\SYSTEM32\KERNELBASE.dll
[1214/183146:ERROR:process_reader_win.cc(233)] ReadMemory at 0x756a0000 of 64 bytes failed: 仅完成部分的 ReadProcessMemory 或 WriteProcessMemory 请求。 (0x12B)
[1214/183146:WARNING:pe_image_reader.cc(281)] could not read dos header from C:\Windows\SYSTEM32\KERNEL32.DLL
[1214/183146:ERROR:process_reader_win.cc(233)] ReadMemory at 0x776d0000 of 64 bytes failed: 仅完成部分的 ReadProcessMemory 或 WriteProcessMemory 请求。 (0x12B)
[1214/183146:WARNING:pe_image_reader.cc(281)] could not read dos header from C:\Windows\SYSTEM32\msvcrt.dll
[1214/183146:ERROR:process_reader_win.cc(233)] ReadMemory at 0x75070000 of 64 bytes failed: 仅完成部分的 ReadProcessMemory 或 WriteProcessMemory 请求。 (0x12B)
[1214/183146:WARNING:pe_image_reader.cc(281)] could not read dos header from C:\Windows\SYSTEM32\bcryptPrimitives.dll
[1214/183146:ERROR:process_reader_win.cc(233)] ReadMemory at 0x750d0000 of 64 bytes failed: 仅完成部分的 ReadProcessMemory 或 WriteProcessMemory 请求。 (0x12B)
[1214/183146:WARNING:pe_image_reader.cc(281)] could not read dos header from C:\Windows\SYSTEM32\CRYPTBASE.DLL
[1214/183146:ERROR:process_reader_win.cc(233)] ReadMemory at 0x752b0000 of 64 bytes failed: 仅完成部分的 ReadProcessMemory 或 WriteProcessMemory 请求。 (0x12B)
[1214/183146:WARNING:pe_image_reader.cc(281)] could not read dos header from C:\Windows\SYSTEM32\SspiCli.dll
[1214/183146:ERROR:process_reader_win.cc(233)] ReadMemory at 0x76300000 of 64 bytes failed: 仅完成部分的 ReadProcessMemory 或 WriteProcessMemory 请求。 (0x12B)
[1214/183146:WARNING:pe_image_reader.cc(281)] could not read dos header from C:\Windows\SYSTEM32\RPCRT4.dll
[1214/183146:ERROR:process_reader_win.cc(233)] ReadMemory at 0x77680000 of 64 bytes failed: 仅完成部分的 ReadProcessMemory 或 WriteProcessMemory 请求。 (0x12B)
[1214/183146:WARNING:pe_image_reader.cc(281)] could not read dos header from C:\Windows\SYSTEM32\sechost.dll
[1214/183146:ERROR:process_reader_win.cc(233)] ReadMemory at 0x75230000 of 64 bytes failed: 仅完成部分的 ReadProcessMemory 或 WriteProcessMemory 请求。 (0x12B)
[1214/183146:WARNING:pe_image_reader.cc(281)] could not read dos header from C:\Windows\SYSTEM32\ADVAPI32.dll
[1214/183146:ERROR:process_reader_win.cc(233)] ReadMemory at 0x75060000 of 64 bytes failed: 仅完成部分的 ReadProcessMemory 或 WriteProcessMemory 请求。 (0x12B)
[1214/183146:WARNING:pe_image_reader.cc(281)] could not read dos header from C:\Windows\SYSTEM32\VERSION.dll
[1214/183146:ERROR:process_reader_win.cc(233)] ReadMemory at 0x653e0000 of 64 bytes failed: 仅完成部分的 ReadProcessMemory 或 WriteProcessMemory 请求。 (0x12B)
[1214/183146:WARNING:pe_image_reader.cc(281)] could not read dos header from C:\Program Files (x86)\Google\Chrome\Application\54.0.2840.71\chrome_elf.dll
[1214/183146:ERROR:process_reader_win.cc(233)] ReadMemory at 0x75af0000 of 64 bytes failed: 仅完成部分的 ReadProcessMemory 或 WriteProcessMemory 请求。 (0x12B)
[1214/183146:WARNING:pe_image_reader.cc(281)] could not read dos header from C:\Windows\SYSTEM32\combase.dll
[1214/183146:ERROR:process_reader_win.cc(233)] ReadMemory at 0x75480000 of 64 bytes failed: 仅完成部分的 ReadProcessMemory 或 WriteProcessMemory 请求。 (0x12B)
[1214/183146:WARNING:pe_image_reader.cc(281)] could not read dos header from C:\Windows\SYSTEM32\GDI32.dll
[1214/183146:ERROR:process_reader_win.cc(233)] ReadMemory at 0x75fe0000 of 64 bytes failed: 仅完成部分的 ReadProcessMemory 或 WriteProcessMemory 请求。 (0x12B)
[1214/183146:WARNING:pe_image_reader.cc(281)] could not read dos header from C:\Windows\SYSTEM32\USER32.dll
[1214/183146:ERROR:process_reader_win.cc(233)] ReadMemory at 0x75910000 of 64 bytes failed: 仅完成部分的 ReadProcessMemory 或 WriteProcessMemory 请求。 (0x12B)
[1214/183146:WARNING:pe_image_reader.cc(281)] could not read dos header from C:\Windows\SYSTEM32\MSCTF.dll
[1214/183146:ERROR:process_reader_win.cc(233)] ReadMemory at 0x777f0000 of 64 bytes failed: 仅完成部分的 ReadProcessMemory 或 WriteProcessMemory 请求。 (0x12B)
[1214/183146:WARNING:pe_image_reader.cc(281)] could not read dos header from C:\Windows\system32\IMM32.DLL
[1214/183146:ERROR:process_reader_win.cc(233)] ReadMemory at 0x777a0000 of 64 bytes failed: 仅完成部分的 ReadProcessMemory 或 WriteProcessMemory 请求。 (0x12B)
[1214/183146:WARNING:pe_image_reader.cc(281)] could not read dos header from C:\Windows\SYSTEM32\SHLWAPI.dll
[1214/183146:ERROR:process_reader_win.cc(233)] ReadMemory at 0x763c0000 of 64 bytes failed: 仅完成部分的 ReadProcessMemory 或 WriteProcessMemory 请求。 (0x12B)
[1214/183146:WARNING:pe_image_reader.cc(281)] could not read dos header from C:\Windows\SYSTEM32\SHELL32.dll
[1214/183146:ERROR:process_reader_win.cc(233)] ReadMemory at 0x75d90000 of 64 bytes failed: 仅完成部分的 ReadProcessMemory 或 WriteProcessMemory 请求。 (0x12B)
[1214/183146:WARNING:pe_image_reader.cc(281)] could not read dos header from C:\Windows\SYSTEM32\cfgmgr32.dll
[1214/183146:ERROR:process_reader_win.cc(233)] ReadMemory at 0x74ad0000 of 64 bytes failed: 仅完成部分的 ReadProcessMemory 或 WriteProcessMemory 请求。 (0x12B)
[1214/183146:WARNING:pe_image_reader.cc(281)] could not read dos header from C:\Windows\SYSTEM32\DEVOBJ.dll
[1214/183146:ERROR:process_reader_win.cc(233)] ReadMemory at 0x74b00000 of 64 bytes failed: 仅完成部分的 ReadProcessMemory 或 WriteProcessMemory 请求。 (0x12B)
[1214/183146:WARNING:pe_image_reader.cc(281)] could not read dos header from C:\Windows\SYSTEM32\WINMMBASE.dll
[1214/183146:ERROR:process_reader_win.cc(233)] ReadMemory at 0x74b30000 of 64 bytes failed: 仅完成部分的 ReadProcessMemory 或 WriteProcessMemory 请求。 (0x12B)
[1214/183146:WARNING:pe_image_reader.cc(281)] could not read dos header from C:\Windows\SYSTEM32\WINMM.dll
[1214/183146:ERROR:process_reader_win.cc(233)] ReadMemory at 0x75050000 of 64 bytes failed: 仅完成部分的 ReadProcessMemory 或 WriteProcessMemory 请求。 (0x12B)
[1214/183146:WARNING:pe_image_reader.cc(281)] could not read dos header from C:\Windows\SYSTEM32\WTSAPI32.dll
[1214/183146:ERROR:process_reader_win.cc(233)] ReadMemory at 0x72520000 of 64 bytes failed: 仅完成部分的 ReadProcessMemory 或 WriteProcessMemory 请求。 (0x12B)
[1214/183146:WARNING:pe_image_reader.cc(281)] could not read dos header from C:\Windows\SYSTEM32\WINHTTP.dll
[1214/183146:ERROR:process_reader_win.cc(233)] ReadMemory at 0x757e0000 of 64 bytes failed: 仅完成部分的 ReadProcessMemory 或 WriteProcessMemory 请求。 (0x12B)
[1214/183146:WARNING:pe_image_reader.cc(281)] could not read dos header from C:\Windows\SYSTEM32\ole32.dll
[1214/183146:ERROR:process_reader_win.cc(233)] ReadMemory at 0x75140000 of 64 bytes failed: 仅完成部分的 ReadProcessMemory 或 WriteProcessMemory 请求。 (0x12B)
[1214/183146:WARNING:pe_image_reader.cc(281)] could not read dos header from C:\Windows\SYSTEM32\OLEAUT32.dll
[1214/183146:ERROR:process_reader_win.cc(233)] ReadMemory at 0x750e0000 of 64 bytes failed: 仅完成部分的 ReadProcessMemory 或 WriteProcessMemory 请求。 (0x12B)
[1214/183146:WARNING:pe_image_reader.cc(281)] could not read dos header from C:\Windows\SYSTEM32\PSAPI.DLL
[1214/183146:ERROR:process_reader_win.cc(233)] ReadMemory at 0x75220000 of 64 bytes failed: 仅完成部分的 ReadProcessMemory 或 WriteProcessMemory 请求。 (0x12B)
[1214/183146:WARNING:pe_image_reader.cc(281)] could not read dos header from C:\Windows\SYSTEM32\NSI.dll
[1214/183146:ERROR:process_reader_win.cc(233)] ReadMemory at 0x750f0000 of 64 bytes failed: 仅完成部分的 ReadProcessMemory 或 WriteProcessMemory 请求。 (0x12B)
[1214/183146:WARNING:pe_image_reader.cc(281)] could not read dos header from C:\Windows\SYSTEM32\WS2_32.dll
[1214/183146:ERROR:process_reader_win.cc(233)] ReadMemory at 0x74ee0000 of 64 bytes failed: 仅完成部分的 ReadProcessMemory 或 WriteProcessMemory 请求。 (0x12B)
[1214/183146:WARNING:pe_image_reader.cc(281)] could not read dos header from C:\Windows\SYSTEM32\netutils.dll
[1214/183146:ERROR:process_reader_win.cc(233)] ReadMemory at 0x74ec0000 of 64 bytes failed: 仅完成部分的 ReadProcessMemory 或 WriteProcessMemory 请求。 (0x12B)
[1214/183146:WARNING:pe_image_reader.cc(281)] could not read dos header from C:\Windows\SYSTEM32\srvcli.dll
[1214/183146:ERROR:process_reader_win.cc(233)] ReadMemory at 0x74ea0000 of 64 bytes failed: 仅完成部分的 ReadProcessMemory 或 WriteProcessMemory 请求。 (0x12B)
[1214/183146:WARNING:pe_image_reader.cc(281)] could not read dos header from C:\Windows\SYSTEM32\wkscli.dll
[1214/183146:ERROR:process_reader_win.cc(233)] ReadMemory at 0x74f10000 of 64 bytes failed: 仅完成部分的 ReadProcessMemory 或 WriteProcessMemory 请求。 (0x12B)
[1214/183146:WARNING:pe_image_reader.cc(281)] could not read dos header from C:\Windows\SYSTEM32\NETAPI32.dll
[1214/183146:ERROR:process_reader_win.cc(233)] ReadMemory at 0x71a60000 of 64 bytes failed: 仅完成部分的 ReadProcessMemory 或 WriteProcessMemory 请求。 (0x12B)
[1214/183146:WARNING:pe_image_reader.cc(281)] could not read dos header from C:\Program Files (x86)\360\360Safe\safemon\safemon.dll
[1214/183146:ERROR:process_reader_win.cc(233)] ReadMemory at 0x74e00000 of 64 bytes failed: 仅完成部分的 ReadProcessMemory 或 WriteProcessMemory 请求。 (0x12B)
[1214/183146:WARNING:pe_image_reader.cc(281)] could not read dos header from C:\Windows\SYSTEM32\shcore.dll
[1214/183146:ERROR:process_reader_win.cc(233)] ReadMemory at 0x6d630000 of 64 bytes failed: 仅完成部分的 ReadProcessMemory 或 WriteProcessMemory 请求。 (0x12B)
[1214/183146:WARNING:pe_image_reader.cc(281)] could not read dos header from C:\Program Files (x86)\360\360Safe\safemon\iNetSafe.dll
[1214/183146:ERROR:process_reader_win.cc(233)] ReadMemory at 0x75020000 of 64 bytes failed: 仅完成部分的 ReadProcessMemory 或 WriteProcessMemory 请求。 (0x12B)
[1214/183146:WARNING:pe_image_reader.cc(281)] could not read dos header from C:\Windows\SYSTEM32\profapi.dll
[1214/183146:ERROR:process_reader_win.cc(233)] ReadMemory at 0x75030000 of 64 bytes failed: 仅完成部分的 ReadProcessMemory 或 WriteProcessMemory 请求。 (0x12B)
[1214/183146:WARNING:pe_image_reader.cc(281)] could not read dos header from C:\Windows\SYSTEM32\USERENV.dll
[1214/183146:ERROR:process_reader_win.cc(233)] ReadMemory at 0x739c0000 of 64 bytes failed: 仅完成部分的 ReadProcessMemory 或 WriteProcessMemory 请求。 (0x12B)
[1214/183146:WARNING:pe_image_reader.cc(281)] could not read dos header from C:\Windows\SYSTEM32\dbghelp.dll
[1214/183146:ERROR:process_reader_win.cc(233)] ReadMemory at 0x71c80000 of 64 bytes failed: 仅完成部分的 ReadProcessMemory 或 WriteProcessMemory 请求。 (0x12B)
[1214/183146:WARNING:pe_image_reader.cc(281)] could not read dos header from C:\Windows\WinSxS\x86_microsoft.windows.common-controls_6595b64144ccf1df_6.0.9600.18006_none_a9ec6aab013aafee\COMCTL32.dll
[1214/183146:ERROR:process_reader_win.cc(233)] ReadMemory at 0x75dd0000 of 64 bytes failed: 仅完成部分的 ReadProcessMemory 或 WriteProcessMemory 请求。 (0x12B)
[1214/183146:WARNING:pe_image_reader.cc(281)] could not read dos header from C:\Windows\SYSTEM32\COMDLG32.dll
[1214/183146:ERROR:process_reader_win.cc(233)] ReadMemory at 0x74bb0000 of 64 bytes failed: 仅完成部分的 ReadProcessMemory 或 WriteProcessMemory 请求。 (0x12B)
[1214/183146:WARNING:pe_image_reader.cc(281)] could not read dos header from C:\Windows\SYSTEM32\USP10.dll
[1214/183146:ERROR:process_reader_win.cc(233)] ReadMemory at 0x71e90000 of 64 bytes failed: 仅完成部分的 ReadProcessMemory 或 WriteProcessMemory 请求。 (0x12B)
[1214/183146:WARNING:pe_image_reader.cc(281)] could not read dos header from C:\Windows\SYSTEM32\WINSPOOL.DRV
[1214/183146:ERROR:process_reader_win.cc(233)] ReadMemory at 0x74e90000 of 64 bytes failed: 仅完成部分的 ReadProcessMemory 或 WriteProcessMemory 请求。 (0x12B)
[1214/183146:WARNING:pe_image_reader.cc(281)] could not read dos header from C:\Windows\SYSTEM32\WINNSI.DLL
[1214/183146:ERROR:process_reader_win.cc(233)] ReadMemory at 0x74ef0000 of 64 bytes failed: 仅完成部分的 ReadProcessMemory 或 WriteProcessMemory 请求。 (0x12B)
[1214/183146:WARNING:pe_image_reader.cc(281)] could not read dos header from C:\Windows\SYSTEM32\IPHLPAPI.DLL
[1214/183146:ERROR:process_reader_win.cc(233)] ReadMemory at 0x74a80000 of 64 bytes failed: 仅完成部分的 ReadProcessMemory 或 WriteProcessMemory 请求。 (0x12B)
[1214/183146:WARNING:pe_image_reader.cc(281)] could not read dos header from C:\Windows\SYSTEM32\Secur32.dll
[1214/183146:ERROR:process_reader_win.cc(233)] ReadMemory at 0x64e60000 of 64 bytes failed: 仅完成部分的 ReadProcessMemory 或 WriteProcessMemory 请求。 (0x12B)
[1214/183146:WARNING:pe_image_reader.cc(281)] could not read dos header from C:\Windows\SYSTEM32\DWrite.dll
[1214/183146:ERROR:process_reader_win.cc(233)] ReadMemory at 0x75690000 of 64 bytes failed: 仅完成部分的 ReadProcessMemory 或 WriteProcessMemory 请求。 (0x12B)
[1214/183146:WARNING:pe_image_reader.cc(281)] could not read dos header from C:\Windows\SYSTEM32\MSASN1.dll
[1214/183146:ERROR:process_reader_win.cc(233)] ReadMemory at 0x752f0000 of 64 bytes failed: 仅完成部分的 ReadProcessMemory 或 WriteProcessMemory 请求。 (0x12B)
[1214/183146:WARNING:pe_image_reader.cc(281)] could not read dos header from C:\Windows\SYSTEM32\CRYPT32.dll
[1214/183146:ERROR:process_reader_win.cc(233)] ReadMemory at 0x751e0000 of 64 bytes failed: 仅完成部分的 ReadProcessMemory 或 WriteProcessMemory 请求。 (0x12B)
[1214/183146:WARNING:pe_image_reader.cc(281)] could not read dos header from C:\Windows\SYSTEM32\WINTRUST.dll
[1214/183146:ERROR:process_reader_win.cc(233)] ReadMemory at 0x53540000 of 64 bytes failed: 仅完成部分的 ReadProcessMemory 或 WriteProcessMemory 请求。 (0x12B)
[1214/183146:WARNING:pe_image_reader.cc(281)] could not read dos header from C:\Program Files (x86)\Google\Chrome\Application\54.0.2840.71\chrome_child.dll
[1214/183146:ERROR:process_reader_win.cc(233)] ReadMemory at 0x1320000 of 64 bytes failed: 仅完成部分的 ReadProcessMemory 或 WriteProcessMemory 请求。 (0x12B)
[1214/183146:WARNING:pe_image_reader.cc(281)] could not read dos header from C:\Program Files (x86)\Google\Chrome\Application\chrome.exe
[1214/183146:ERROR:process_reader_win.cc(233)] ReadMemory at 0x778f0000 of 64 bytes failed: 仅完成部分的 ReadProcessMemory 或 WriteProcessMemory 请求。 (0x12B)
[1214/183146:WARNING:pe_image_reader.cc(281)] could not read dos header from C:\Windows\SYSTEM32\ntdll.dll
[1214/183146:ERROR:process_reader_win.cc(233)] ReadMemory at 0x755b0000 of 64 bytes failed: 仅完成部分的 ReadProcessMemory 或 WriteProcessMemory 请求。 (0x12B)
[1214/183146:WARNING:pe_image_reader.cc(281)] could not read dos header from C:\Windows\SYSTEM32\KERNELBASE.dll
[1214/183146:ERROR:process_reader_win.cc(233)] ReadMemory at 0x756a0000 of 64 bytes failed: 仅完成部分的 ReadProcessMemory 或 WriteProcessMemory 请求。 (0x12B)
[1214/183146:WARNING:pe_image_reader.cc(281)] could not read dos header from C:\Windows\SYSTEM32\KERNEL32.DLL
[1214/183146:ERROR:process_reader_win.cc(233)] ReadMemory at 0x776d0000 of 64 bytes failed: 仅完成部分的 ReadProcessMemory 或 WriteProcessMemory 请求。 (0x12B)
[1214/183146:WARNING:pe_image_reader.cc(281)] could not read dos header from C:\Windows\SYSTEM32\msvcrt.dll
[1214/183146:ERROR:process_reader_win.cc(233)] ReadMemory at 0x75070000 of 64 bytes failed: 仅完成部分的 ReadProcessMemory 或 WriteProcessMemory 请求。 (0x12B)
[1214/183146:WARNING:pe_image_reader.cc(281)] could not read dos header from C:\Windows\SYSTEM32\bcryptPrimitives.dll
[1214/183146:ERROR:process_reader_win.cc(233)] ReadMemory at 0x750d0000 of 64 bytes failed: 仅完成部分的 ReadProcessMemory 或 WriteProcessMemory 请求。 (0x12B)
[1214/183146:WARNING:pe_image_reader.cc(281)] could not read dos header from C:\Windows\SYSTEM32\CRYPTBASE.DLL
[1214/183146:ERROR:process_reader_win.cc(233)] ReadMemory at 0x752b0000 of 64 bytes failed: 仅完成部分的 ReadProcessMemory 或 WriteProcessMemory 请求。 (0x12B)
[1214/183146:WARNING:pe_image_reader.cc(281)] could not read dos header from C:\Windows\SYSTEM32\SspiCli.dll
[1214/183146:ERROR:process_reader_win.cc(233)] ReadMemory at 0x76300000 of 64 bytes failed: 仅完成部分的 ReadProcessMemory 或 WriteProcessMemory 请求。 (0x12B)
[1214/183146:WARNING:pe_image_reader.cc(281)] could not read dos header from C:\Windows\SYSTEM32\RPCRT4.dll
[1214/183146:ERROR:process_reader_win.cc(233)] ReadMemory at 0x77680000 of 64 bytes failed: 仅完成部分的 ReadProcessMemory 或 WriteProcessMemory 请求。 (0x12B)
[1214/183146:WARNING:pe_image_reader.cc(281)] could not read dos header from C:\Windows\SYSTEM32\sechost.dll
[1214/183146:ERROR:process_reader_win.cc(233)] ReadMemory at 0x75230000 of 64 bytes failed: 仅完成部分的 ReadProcessMemory 或 WriteProcessMemory 请求。 (0x12B)
[1214/183146:WARNING:pe_image_reader.cc(281)] could not read dos header from C:\Windows\SYSTEM32\ADVAPI32.dll
[1214/183146:ERROR:process_reader_win.cc(233)] ReadMemory at 0x75060000 of 64 bytes failed: 仅完成部分的 ReadProcessMemory 或 WriteProcessMemory 请求。 (0x12B)
[1214/183146:WARNING:pe_image_reader.cc(281)] could not read dos header from C:\Windows\SYSTEM32\VERSION.dll
[1214/183146:ERROR:process_reader_win.cc(233)] ReadMemory at 0x653e0000 of 64 bytes failed: 仅完成部分的 ReadProcessMemory 或 WriteProcessMemory 请求。 (0x12B)
[1214/183146:WARNING:pe_image_reader.cc(281)] could not read dos header from C:\Program Files (x86)\Google\Chrome\Application\54.0.2840.71\chrome_elf.dll
[1214/183146:ERROR:process_reader_win.cc(233)] ReadMemory at 0x75af0000 of 64 bytes failed: 仅完成部分的 ReadProcessMemory 或 WriteProcessMemory 请求。 (0x12B)
[1214/183146:WARNING:pe_image_reader.cc(281)] could not read dos header from C:\Windows\SYSTEM32\combase.dll
[1214/183146:ERROR:process_reader_win.cc(233)] ReadMemory at 0x75480000 of 64 bytes failed: 仅完成部分的 ReadProcessMemory 或 WriteProcessMemory 请求。 (0x12B)
[1214/183146:WARNING:pe_image_reader.cc(281)] could not read dos header from C:\Windows\SYSTEM32\GDI32.dll
[1214/183146:ERROR:process_reader_win.cc(233)] ReadMemory at 0x75fe0000 of 64 bytes failed: 仅完成部分的 ReadProcessMemory 或 WriteProcessMemory 请求。 (0x12B)
[1214/183146:WARNING:pe_image_reader.cc(281)] could not read dos header from C:\Windows\SYSTEM32\USER32.dll
[1214/183146:ERROR:process_reader_win.cc(233)] ReadMemory at 0x75910000 of 64 bytes failed: 仅完成部分的 ReadProcessMemory 或 WriteProcessMemory 请求。 (0x12B)
[1214/183146:WARNING:pe_image_reader.cc(281)] could not read dos header from C:\Windows\SYSTEM32\MSCTF.dll
[1214/183146:ERROR:process_reader_win.cc(233)] ReadMemory at 0x777f0000 of 64 bytes failed: 仅完成部分的 ReadProcessMemory 或 WriteProcessMemory 请求。 (0x12B)
[1214/183146:WARNING:pe_image_reader.cc(281)] could not read dos header from C:\Windows\system32\IMM32.DLL
[1214/183146:ERROR:process_reader_win.cc(233)] ReadMemory at 0x777a0000 of 64 bytes failed: 仅完成部分的 ReadProcessMemory 或 WriteProcessMemory 请求。 (0x12B)
[1214/183146:WARNING:pe_image_reader.cc(281)] could not read dos header from C:\Windows\SYSTEM32\SHLWAPI.dll
[1214/183146:ERROR:process_reader_win.cc(233)] ReadMemory at 0x763c0000 of 64 bytes failed: 仅完成部分的 ReadProcessMemory 或 WriteProcessMemory 请求。 (0x12B)
[1214/183146:WARNING:pe_image_reader.cc(281)] could not read dos header from C:\Windows\SYSTEM32\SHELL32.dll
[1214/183146:ERROR:process_reader_win.cc(233)] ReadMemory at 0x75d90000 of 64 bytes failed: 仅完成部分的 ReadProcessMemory 或 WriteProcessMemory 请求。 (0x12B)
[1214/183146:WARNING:pe_image_reader.cc(281)] could not read dos header from C:\Windows\SYSTEM32\cfgmgr32.dll
[1214/183146:ERROR:process_reader_win.cc(233)] ReadMemory at 0x74ad0000 of 64 bytes failed: 仅完成部分的 ReadProcessMemory 或 WriteProcessMemory 请求。 (0x12B)
[1214/183146:WARNING:pe_image_reader.cc(281)] could not read dos header from C:\Windows\SYSTEM32\DEVOBJ.dll
[1214/183146:ERROR:process_reader_win.cc(233)] ReadMemory at 0x74b00000 of 64 bytes failed: 仅完成部分的 ReadProcessMemory 或 WriteProcessMemory 请求。 (0x12B)
[1214/183146:WARNING:pe_image_reader.cc(281)] could not read dos header from C:\Windows\SYSTEM32\WINMMBASE.dll
[1214/183146:ERROR:process_reader_win.cc(233)] ReadMemory at 0x74b30000 of 64 bytes failed: 仅完成部分的 ReadProcessMemory 或 WriteProcessMemory 请求。 (0x12B)
[1214/183146:WARNING:pe_image_reader.cc(281)] could not read dos header from C:\Windows\SYSTEM32\WINMM.dll
[1214/183146:ERROR:process_reader_win.cc(233)] ReadMemory at 0x75050000 of 64 bytes failed: 仅完成部分的 ReadProcessMemory 或 WriteProcessMemory 请求。 (0x12B)
[1214/183146:WARNING:pe_image_reader.cc(281)] could not read dos header from C:\Windows\SYSTEM32\WTSAPI32.dll
[1214/183146:ERROR:process_reader_win.cc(233)] ReadMemory at 0x72520000 of 64 bytes failed: 仅完成部分的 ReadProcessMemory 或 WriteProcessMemory 请求。 (0x12B)
[1214/183146:WARNING:pe_image_reader.cc(281)] could not read dos header from C:\Windows\SYSTEM32\WINHTTP.dll
[1214/183146:ERROR:process_reader_win.cc(233)] ReadMemory at 0x757e0000 of 64 bytes failed: 仅完成部分的 ReadProcessMemory 或 WriteProcessMemory 请求。 (0x12B)
[1214/183146:WARNING:pe_image_reader.cc(281)] could not read dos header from C:\Windows\SYSTEM32\ole32.dll
[1214/183146:ERROR:process_reader_win.cc(233)] ReadMemory at 0x75140000 of 64 bytes failed: 仅完成部分的 ReadProcessMemory 或 WriteProcessMemory 请求。 (0x12B)
[1214/183146:WARNING:pe_image_reader.cc(281)] could not read dos header from C:\Windows\SYSTEM32\OLEAUT32.dll
[1214/183146:ERROR:process_reader_win.cc(233)] ReadMemory at 0x750e0000 of 64 bytes failed: 仅完成部分的 ReadProcessMemory 或 WriteProcessMemory 请求。 (0x12B)
[1214/183146:WARNING:pe_image_reader.cc(281)] could not read dos header from C:\Windows\SYSTEM32\PSAPI.DLL
[1214/183146:ERROR:process_reader_win.cc(233)] ReadMemory at 0x75220000 of 64 bytes failed: 仅完成部分的 ReadProcessMemory 或 WriteProcessMemory 请求。 (0x12B)
[1214/183146:WARNING:pe_image_reader.cc(281)] could not read dos header from C:\Windows\SYSTEM32\NSI.dll
[1214/183146:ERROR:process_reader_win.cc(233)] ReadMemory at 0x750f0000 of 64 bytes failed: 仅完成部分的 ReadProcessMemory 或 WriteProcessMemory 请求。 (0x12B)
[1214/183146:WARNING:pe_image_reader.cc(281)] could not read dos header from C:\Windows\SYSTEM32\WS2_32.dll
[1214/183146:ERROR:process_reader_win.cc(233)] ReadMemory at 0x74ee0000 of 64 bytes failed: 仅完成部分的 ReadProcessMemory 或 WriteProcessMemory 请求。 (0x12B)
[1214/183146:WARNING:pe_image_reader.cc(281)] could not read dos header from C:\Windows\SYSTEM32\netutils.dll
[1214/183146:ERROR:process_reader_win.cc(233)] ReadMemory at 0x74ec0000 of 64 bytes failed: 仅完成部分的 ReadProcessMemory 或 WriteProcessMemory 请求。 (0x12B)
[1214/183146:WARNING:pe_image_reader.cc(281)] could not read dos header from C:\Windows\SYSTEM32\srvcli.dll
[1214/183146:ERROR:process_reader_win.cc(233)] ReadMemory at 0x74ea0000 of 64 bytes failed: 仅完成部分的 ReadProcessMemory 或 WriteProcessMemory 请求。 (0x12B)
[1214/183146:WARNING:pe_image_reader.cc(281)] could not read dos header from C:\Windows\SYSTEM32\wkscli.dll
[1214/183146:ERROR:process_reader_win.cc(233)] ReadMemory at 0x74f10000 of 64 bytes failed: 仅完成部分的 ReadProcessMemory 或 WriteProcessMemory 请求。 (0x12B)
[1214/183146:WARNING:pe_image_reader.cc(281)] could not read dos header from C:\Windows\SYSTEM32\NETAPI32.dll
[1214/183146:ERROR:process_reader_win.cc(233)] ReadMemory at 0x71a60000 of 64 bytes failed: 仅完成部分的 ReadProcessMemory 或 WriteProcessMemory 请求。 (0x12B)
[1214/183146:WARNING:pe_image_reader.cc(281)] could not read dos header from C:\Program Files (x86)\360\360Safe\safemon\safemon.dll
[1214/183146:ERROR:process_reader_win.cc(233)] ReadMemory at 0x74e00000 of 64 bytes failed: 仅完成部分的 ReadProcessMemory 或 WriteProcessMemory 请求。 (0x12B)
[1214/183146:WARNING:pe_image_reader.cc(281)] could not read dos header from C:\Windows\SYSTEM32\shcore.dll
[1214/183146:ERROR:process_reader_win.cc(233)] ReadMemory at 0x6d630000 of 64 bytes failed: 仅完成部分的 ReadProcessMemory 或 WriteProcessMemory 请求。 (0x12B)
[1214/183146:WARNING:pe_image_reader.cc(281)] could not read dos header from C:\Program Files (x86)\360\360Safe\safemon\iNetSafe.dll
[1214/183146:ERROR:process_reader_win.cc(233)] ReadMemory at 0x75020000 of 64 bytes failed: 仅完成部分的 ReadProcessMemory 或 WriteProcessMemory 请求。 (0x12B)
[1214/183146:WARNING:pe_image_reader.cc(281)] could not read dos header from C:\Windows\SYSTEM32\profapi.dll
[1214/183146:ERROR:process_reader_win.cc(233)] ReadMemory at 0x75030000 of 64 bytes failed: 仅完成部分的 ReadProcessMemory 或 WriteProcessMemory 请求。 (0x12B)
[1214/183146:WARNING:pe_image_reader.cc(281)] could not read dos header from C:\Windows\SYSTEM32\USERENV.dll
[1214/183146:ERROR:process_reader_win.cc(233)] ReadMemory at 0x739c0000 of 64 bytes failed: 仅完成部分的 ReadProcessMemory 或 WriteProcessMemory 请求。 (0x12B)
[1214/183146:WARNING:pe_image_reader.cc(281)] could not read dos header from C:\Windows\SYSTEM32\dbghelp.dll
[1214/183146:ERROR:process_reader_win.cc(233)] ReadMemory at 0x71c80000 of 64 bytes failed: 仅完成部分的 ReadProcessMemory 或 WriteProcessMemory 请求。 (0x12B)
[1214/183146:WARNING:pe_image_reader.cc(281)] could not read dos header from C:\Windows\WinSxS\x86_microsoft.windows.common-controls_6595b64144ccf1df_6.0.9600.18006_none_a9ec6aab013aafee\COMCTL32.dll
[1214/183146:ERROR:process_reader_win.cc(233)] ReadMemory at 0x75dd0000 of 64 bytes failed: 仅完成部分的 ReadProcessMemory 或 WriteProcessMemory 请求。 (0x12B)
[1214/183146:WARNING:pe_image_reader.cc(281)] could not read dos header from C:\Windows\SYSTEM32\COMDLG32.dll
[1214/183146:ERROR:process_reader_win.cc(233)] ReadMemory at 0x74bb0000 of 64 bytes failed: 仅完成部分的 ReadProcessMemory 或 WriteProcessMemory 请求。 (0x12B)
[1214/183146:WARNING:pe_image_reader.cc(281)] could not read dos header from C:\Windows\SYSTEM32\USP10.dll
[1214/183146:ERROR:process_reader_win.cc(233)] ReadMemory at 0x71e90000 of 64 bytes failed: 仅完成部分的 ReadProcessMemory 或 WriteProcessMemory 请求。 (0x12B)
[1214/183146:WARNING:pe_image_reader.cc(281)] could not read dos header from C:\Windows\SYSTEM32\WINSPOOL.DRV
[1214/183146:ERROR:process_reader_win.cc(233)] ReadMemory at 0x74e90000 of 64 bytes failed: 仅完成部分的 ReadProcessMemory 或 WriteProcessMemory 请求。 (0x12B)
[1214/183146:WARNING:pe_image_reader.cc(281)] could not read dos header from C:\Windows\SYSTEM32\WINNSI.DLL
[1214/183146:ERROR:process_reader_win.cc(233)] ReadMemory at 0x74ef0000 of 64 bytes failed: 仅完成部分的 ReadProcessMemory 或 WriteProcessMemory 请求。 (0x12B)
[1214/183146:WARNING:pe_image_reader.cc(281)] could not read dos header from C:\Windows\SYSTEM32\IPHLPAPI.DLL
[1214/183146:ERROR:process_reader_win.cc(233)] ReadMemory at 0x74a80000 of 64 bytes failed: 仅完成部分的 ReadProcessMemory 或 WriteProcessMemory 请求。 (0x12B)
[1214/183146:WARNING:pe_image_reader.cc(281)] could not read dos header from C:\Windows\SYSTEM32\Secur32.dll
[1214/183146:ERROR:process_reader_win.cc(233)] ReadMemory at 0x64e60000 of 64 bytes failed: 仅完成部分的 ReadProcessMemory 或 WriteProcessMemory 请求。 (0x12B)
[1214/183146:WARNING:pe_image_reader.cc(281)] could not read dos header from C:\Windows\SYSTEM32\DWrite.dll
[1214/183146:ERROR:process_reader_win.cc(233)] ReadMemory at 0x75690000 of 64 bytes failed: 仅完成部分的 ReadProcessMemory 或 WriteProcessMemory 请求。 (0x12B)
[1214/183146:WARNING:pe_image_reader.cc(281)] could not read dos header from C:\Windows\SYSTEM32\MSASN1.dll
[1214/183146:ERROR:process_reader_win.cc(233)] ReadMemory at 0x752f0000 of 64 bytes failed: 仅完成部分的 ReadProcessMemory 或 WriteProcessMemory 请求。 (0x12B)
[1214/183146:WARNING:pe_image_reader.cc(281)] could not read dos header from C:\Windows\SYSTEM32\CRYPT32.dll
[1214/183146:ERROR:process_reader_win.cc(233)] ReadMemory at 0x751e0000 of 64 bytes failed: 仅完成部分的 ReadProcessMemory 或 WriteProcessMemory 请求。 (0x12B)
[1214/183146:WARNING:pe_image_reader.cc(281)] could not read dos header from C:\Windows\SYSTEM32\WINTRUST.dll
[1214/183146:ERROR:process_reader_win.cc(233)] ReadMemory at 0x53540000 of 64 bytes failed: 仅完成部分的 ReadProcessMemory 或 WriteProcessMemory 请求。 (0x12B)
[1214/183146:WARNING:pe_image_reader.cc(281)] could not read dos header from C:\Program Files (x86)\Google\Chrome\Application\54.0.2840.71\chrome_child.dll
[1214/183146:ERROR:process_reader_win.cc(233)] ReadMemory at 0x7c5000 of 45056 bytes failed: 仅完成部分的 ReadProcessMemory 或 WriteProcessMemory 请求。 (0x12B)
[1214/183146:ERROR:crash_report_exception_handler.cc(98)] WriteEverything failed
[1214/183146:ERROR:scoped_process_suspend.cc(38)] NtResumeProcess: 已尝试访问正在退出的过程。  (0xc000010a)
[1214/183146:ERROR:process_reader_win.cc(233)] ReadMemory at 0x545000 of 45056 bytes failed: 仅完成部分的 ReadProcessMemory 或 WriteProcessMemory 请求。 (0x12B)
[1214/183146:ERROR:crash_report_exception_handler.cc(98)] WriteEverything failed
[1214/183146:ERROR:scoped_process_suspend.cc(38)] NtResumeProcess: 已尝试访问正在退出的过程。  (0xc000010a)
[1214/192010:ERROR:process_reader_win.cc(142)] SuspendThread: 拒绝访问。 (0x5)
[1214/192010:ERROR:process_reader_win.cc(142)] SuspendThread: 拒绝访问。 (0x5)
[1214/192010:ERROR:process_reader_win.cc(142)] SuspendThread: 拒绝访问。 (0x5)
[1214/192010:ERROR:process_info.cc(608)] range at 0xffb3c000, size 0x230 fully unreadable
[1214/192010:ERROR:process_info.cc(608)] range at 0xffb3b000, size 0xf84 fully unreadable
[1214/192010:ERROR:process_reader_win.cc(142)] SuspendThread: 拒绝访问。 (0x5)
[1214/192010:ERROR:process_reader_win.cc(142)] SuspendThread: 拒绝访问。 (0x5)
[1214/192010:ERROR:process_info.cc(608)] range at 0xfeb27000, size 0x230 fully unreadable
[1214/192010:ERROR:process_info.cc(608)] range at 0xfeb2f000, size 0xf84 fully unreadable
[1214/192010:ERROR:process_reader_win.cc(142)] SuspendThread: 拒绝访问。 (0x5)
[1214/192010:ERROR:process_reader_win.cc(142)] SuspendThread: 拒绝访问。 (0x5)
[1214/192010:ERROR:process_info.cc(608)] range at 0xff304000, size 0x230 fully unreadable
[1214/192010:ERROR:process_info.cc(608)] range at 0xff30f000, size 0xf84 fully unreadable
[1214/192010:ERROR:process_reader_win.cc(142)] SuspendThread: 拒绝访问。 (0x5)
[1214/192010:ERROR:process_reader_win.cc(142)] SuspendThread: 拒绝访问。 (0x5)
[1214/192010:ERROR:process_info.cc(608)] range at 0xff43e000, size 0x230 fully unreadable
[1214/192010:ERROR:process_reader_win.cc(142)] SuspendThread: 拒绝访问。 (0x5)
[1214/192010:ERROR:process_reader_win.cc(142)] SuspendThread: 拒绝访问。 (0x5)
[1214/192010:ERROR:process_info.cc(608)] range at 0xff394000, size 0x230 fully unreadable
[1214/192010:ERROR:process_info.cc(608)] range at 0xff43d000, size 0xf84 fully unreadable
[1214/192010:ERROR:process_info.cc(608)] range at 0xff39f000, size 0xf84 fully unreadable
[1214/192010:ERROR:process_reader_win.cc(142)] SuspendThread: 拒绝访问。 (0x5)
[1214/192010:ERROR:process_reader_win.cc(142)] SuspendThread: 拒绝访问。 (0x5)
[1214/192010:ERROR:process_info.cc(608)] range at 0xff93f000, size 0x230 fully unreadable
[1214/192010:ERROR:process_info.cc(608)] range at 0xff93e000, size 0xf84 fully unreadable
[1214/192010:ERROR:process_info.cc(608)] range at 0xff31e000, size 0x230 fully unreadable
[1214/192010:ERROR:process_info.cc(608)] range at 0xff31d000, size 0xf84 fully unreadable
[1214/192010:ERROR:process_reader_win.cc(142)] SuspendThread: 拒绝访问。 (0x5)
[1214/192010:ERROR:process_reader_win.cc(142)] SuspendThread: 拒绝访问。 (0x5)
[1214/192010:ERROR:process_info.cc(608)] range at 0xfe1ef000, size 0x230 fully unreadable
[1214/192010:ERROR:process_info.cc(608)] range at 0xfe1ed000, size 0xf84 fully unreadable
[1214/192011:ERROR:process_reader_win.cc(142)] SuspendThread: 拒绝访问。 (0x5)
[1214/192011:ERROR:process_reader_win.cc(142)] SuspendThread: 拒绝访问。 (0x5)
[1214/192011:ERROR:process_info.cc(608)] range at 0xfee76000, size 0x230 fully unreadable
[1214/192011:ERROR:process_info.cc(608)] range at 0xfee7f000, size 0xf84 fully unreadable
[1214/192011:ERROR:process_reader_win.cc(142)] SuspendThread: 拒绝访问。 (0x5)
[1214/192011:ERROR:process_reader_win.cc(142)] SuspendThread: 拒绝访问。 (0x5)
[1214/192011:ERROR:process_info.cc(608)] range at 0xfee69000, size 0x230 fully unreadable
[1214/192011:ERROR:process_info.cc(608)] range at 0xfee6e000, size 0xf84 fully unreadable
[1214/192011:ERROR:process_reader_win.cc(142)] SuspendThread: 拒绝访问。 (0x5)
[1214/192011:ERROR:process_reader_win.cc(142)] SuspendThread: 拒绝访问。 (0x5)
[1214/192011:ERROR:process_reader_win.cc(142)] SuspendThread: 拒绝访问。 (0x5)
[1214/192011:ERROR:process_info.cc(608)] range at 0xffa28000, size 0x230 fully unreadable
[1214/192011:ERROR:process_info.cc(608)] range at 0xffa2f000, size 0xf84 fully unreadable
[1214/192011:ERROR:process_reader_win.cc(142)] SuspendThread: 拒绝访问。 (0x5)
[1214/192011:ERROR:process_reader_win.cc(142)] SuspendThread: 拒绝访问。 (0x5)
[1214/192011:ERROR:process_reader_win.cc(142)] SuspendThread: 拒绝访问。 (0x5)
[1214/192011:ERROR:process_info.cc(608)] range at 0xfebdf000, size 0x230 fully unreadable
[1214/192011:ERROR:process_info.cc(608)] range at 0xfebde000, size 0xf84 fully unreadable
[1214/192011:ERROR:process_reader_win.cc(142)] SuspendThread: 拒绝访问。 (0x5)
[1214/192011:ERROR:process_reader_win.cc(142)] SuspendThread: 拒绝访问。 (0x5)
[1214/192011:ERROR:process_info.cc(608)] range at 0xff556000, size 0x230 fully unreadable
[1214/192011:ERROR:process_info.cc(608)] range at 0xff55e000, size 0xf84 fully unreadable
[1214/192011:ERROR:process_reader_win.cc(142)] SuspendThread: 拒绝访问。 (0x5)
[1214/192011:ERROR:process_reader_win.cc(142)] SuspendThread: 拒绝访问。 (0x5)
[1214/192011:ERROR:process_reader_win.cc(142)] SuspendThread: 拒绝访问。 (0x5)
[1214/192011:ERROR:process_info.cc(608)] range at 0xff553000, size 0x230 fully unreadable
[1214/192011:ERROR:process_info.cc(608)] range at 0xff55c000, size 0xf84 fully unreadable
[1214/192011:ERROR:process_reader_win.cc(233)] ReadMemory at 0x4967b8 of 152 bytes failed: 仅完成部分的 ReadProcessMemory 或 WriteProcessMemory 请求。 (0x12B)
[1214/192011:ERROR:crash_report_exception_handler.cc(98)] WriteEverything failed
[1214/192011:ERROR:scoped_process_suspend.cc(38)] NtResumeProcess: 已尝试访问正在退出的过程。  (0xc000010a)
